2018-11-27 12:13:50,805 ROOT- CRITICAL - it is a big misstake
2018-11-27 12:14:53,250 ROOT- CRITICAL - it is a big misstake
2018-11-27 12:30:15,898 ROOT- CRITICAL - 图片不存在！
2018-11-27 12:30:38,228 ROOT- CRITICAL - 图片不存在！
2018-11-27 14:38:42,466 ROOT- CRITICAL - The image is no longer available
2018-11-27 14:39:17,381 ROOT- CRITICAL - CODE ENVIRONMENT:3.6.3 |Anaconda, Inc.| (default, Oct 13 2017, 12:02:49) 
[GCC 7.2.0]
2018-11-27 14:48:36,146 ROOT- WARNING - CODE ENVIRONMENT:3.6.3 |Anaconda, Inc.| (default, Oct 13 2017, 12:02:49) 
[GCC 7.2.0]
2018-11-27 14:49:02,237 ROOT- ERROR - CODE ENVIRONMENT:3.6.3 |Anaconda, Inc.| (default, Oct 13 2017, 12:02:49) 
[GCC 7.2.0]
2018-11-27 14:56:38,142 ROOT- DEBUG - it is a big misstake
2018-11-27 14:56:50,233 ROOT- DEBUG - CODE ENVIRONMENT:3.6.3 |Anaconda, Inc.| (default, Oct 13 2017, 12:02:49) 
[GCC 7.2.0]
2018-11-27 14:57:56,505 ROOT- DEBUG - CODE ENVIRONMENT:3.6.3 |Anaconda, Inc.| (default, Oct 13 2017, 12:02:49) 
[GCC 7.2.0]
2018-11-27 14:58:33,772 ROOT- DEBUG - CODE ENVIRONMENT:3.6.3 |Anaconda, Inc.| (default, Oct 13 2017, 12:02:49) 
[GCC 7.2.0]
2018-11-27 15:00:11,026 ROOT- DEBUG - CODE ENVIRONMENT:3.6.3 |Anaconda, Inc.| (default, Oct 13 2017, 12:02:49) 
[GCC 7.2.0]
2018-11-27 15:02:36,886 ROOT- INFO - CODE ENVIRONMENT:3.6.3 |Anaconda, Inc.| (default, Oct 13 2017, 12:02:49) 
[GCC 7.2.0]
2018-11-27 15:03:23,336 ROOT- INFO - CODE ENVIRONMENT:3.6.3 |Anaconda, Inc.| (default, Oct 13 2017, 12:02:49) 
[GCC 7.2.0]
2018-11-27 15:03:23,388 ROOT- INFO - width:1000   heigth:625
2018-11-28 11:54:09,445 ROOT- INFO - CODE ENVIRONMENT:3.6.3 |Anaconda, Inc.| (default, Oct 13 2017, 12:02:49) 
[GCC 7.2.0]
2018-11-28 11:54:09,460 ROOT- INFO - width:3   heigth:2
2018-11-28 11:54:54,128 ROOT- INFO - CODE ENVIRONMENT:3.6.3 |Anaconda, Inc.| (default, Oct 13 2017, 12:02:49) 
[GCC 7.2.0]
2018-11-28 11:54:54,140 ROOT- INFO - width:3   heigth:2
2018-11-28 14:50:52,393 ROOT- INFO - CODE ENVIRONMENT:3.6.3 |Anaconda, Inc.| (default, Oct 13 2017, 12:02:49) 
[GCC 7.2.0]
2018-11-28 14:50:52,412 ROOT- INFO - width:1000   heigth:625
2018-11-28 14:51:43,806 ROOT- INFO - CODE ENVIRONMENT:3.6.3 |Anaconda, Inc.| (default, Oct 13 2017, 12:02:49) 
[GCC 7.2.0]
2018-11-28 14:51:43,822 ROOT- INFO - width:1000   heigth:625
2018-11-28 14:52:49,637 ROOT- INFO - CODE ENVIRONMENT:3.6.3 |Anaconda, Inc.| (default, Oct 13 2017, 12:02:49) 
[GCC 7.2.0]
2018-11-28 14:52:49,653 ROOT- INFO - width:1000   heigth:625
2018-11-28 14:53:01,421 ROOT- INFO - CODE ENVIRONMENT:3.6.3 |Anaconda, Inc.| (default, Oct 13 2017, 12:02:49) 
[GCC 7.2.0]
2018-11-28 14:53:01,438 ROOT- INFO - width:1000   heigth:625
2018-11-29 10:05:35,946 ROOT- INFO - CODE ENVIRONMENT:3.6.3 |Anaconda, Inc.| (default, Oct 13 2017, 12:02:49) 
[GCC 7.2.0]
2018-11-29 10:05:35,994 ROOT- INFO - width:1000   heigth:625
2018-11-29 10:25:41,060 ROOT- INFO - CODE ENVIRONMENT:3.6.3 |Anaconda, Inc.| (default, Oct 13 2017, 12:02:49) 
[GCC 7.2.0]
2018-11-29 10:27:14,622 ROOT- INFO - CODE ENVIRONMENT:3.6.3 |Anaconda, Inc.| (default, Oct 13 2017, 12:02:49) 
[GCC 7.2.0]
2018-11-29 10:27:14,638 ROOT- INFO - width:2000   heigth:1250
2018-11-29 10:31:29,770 ROOT- INFO - CODE ENVIRONMENT:3.6.3 |Anaconda, Inc.| (default, Oct 13 2017, 12:02:49) 
[GCC 7.2.0]
2018-11-29 10:31:29,786 ROOT- INFO - width:2000   heigth:938
2018-11-29 10:35:55,548 ROOT- INFO - CODE ENVIRONMENT:3.6.3 |Anaconda, Inc.| (default, Oct 13 2017, 12:02:49) 
[GCC 7.2.0]
2018-11-29 10:35:55,562 ROOT- INFO - width:1000   heigth:625
